2020-10-05 17:24:09,047 [Worker-3: Loading available Gradle versions] INFO  o.e.b.c.i.u.g.PublishedGradleVersions - Gradle version information cache is out-of-date. Trying to update.
2020-10-05 18:32:05,580 [Worker-34: Import Getting Started Content] INFO  o.e.m.c.i.e.AbstractTransferListenerAdapter - Downloading https://repo.maven.apache.org/maven2/org/springframework/boot/spring-boot-starter-parent/2.1.17.RELEASE/spring-boot-starter-parent-2.1.17.RELEASE.pom
2020-10-05 18:32:06,299 [Worker-34: Import Getting Started Content] INFO  o.e.m.c.i.e.AbstractTransferListenerAdapter - Downloaded https://repo.maven.apache.org/maven2/org/springframework/boot/spring-boot-starter-parent/2.1.17.RELEASE/spring-boot-starter-parent-2.1.17.RELEASE.pom
2020-10-05 18:32:06,717 [Worker-34: Import Getting Started Content] INFO  o.e.m.c.i.e.AbstractTransferListenerAdapter - Downloading https://repo.maven.apache.org/maven2/org/springframework/boot/spring-boot-dependencies/2.1.17.RELEASE/spring-boot-dependencies-2.1.17.RELEASE.pom
2020-10-05 18:32:08,164 [Worker-34: Import Getting Started Content] INFO  o.e.m.c.i.e.AbstractTransferListenerAdapter - Downloaded https://repo.maven.apache.org/maven2/org/springframework/boot/spring-boot-dependencies/2.1.17.RELEASE/spring-boot-dependencies-2.1.17.RELEASE.pom
2020-10-05 18:32:08,782 [Worker-34: Import Getting Started Content] INFO  o.e.m.c.i.e.AbstractTransferListenerAdapter - Downloading https://repo.maven.apache.org/maven2/com/fasterxml/jackson/jackson-bom/2.9.10.20200824/jackson-bom-2.9.10.20200824.pom
2020-10-05 18:32:09,226 [Worker-34: Import Getting Started Content] INFO  o.e.m.c.i.e.AbstractTransferListenerAdapter - Downloaded https://repo.maven.apache.org/maven2/com/fasterxml/jackson/jackson-bom/2.9.10.20200824/jackson-bom-2.9.10.20200824.pom
2020-10-05 18:32:09,662 [Worker-34: Import Getting Started Content] INFO  o.e.m.c.i.e.AbstractTransferListenerAdapter - Downloading https://repo.maven.apache.org/maven2/io/netty/netty-bom/4.1.52.Final/netty-bom-4.1.52.Final.pom
2020-10-05 18:32:10,038 [Worker-34: Import Getting Started Content] INFO  o.e.m.c.i.e.AbstractTransferListenerAdapter - Downloaded https://repo.maven.apache.org/maven2/io/netty/netty-bom/4.1.52.Final/netty-bom-4.1.52.Final.pom
2020-10-05 18:32:10,409 [Worker-34: Import Getting Started Content] INFO  o.e.m.c.i.e.AbstractTransferListenerAdapter - Downloading https://repo.maven.apache.org/maven2/io/projectreactor/reactor-bom/Californium-SR21/reactor-bom-Californium-SR21.pom
2020-10-05 18:32:10,712 [Worker-34: Import Getting Started Content] INFO  o.e.m.c.i.e.AbstractTransferListenerAdapter - Downloaded https://repo.maven.apache.org/maven2/io/projectreactor/reactor-bom/Californium-SR21/reactor-bom-Californium-SR21.pom
2020-10-05 18:32:11,049 [Worker-34: Import Getting Started Content] INFO  o.e.m.c.i.e.AbstractTransferListenerAdapter - Downloading https://repo.maven.apache.org/maven2/org/codehaus/groovy/groovy-bom/2.5.13/groovy-bom-2.5.13.pom
2020-10-05 18:32:11,499 [Worker-34: Import Getting Started Content] INFO  o.e.m.c.i.e.AbstractTransferListenerAdapter - Downloaded https://repo.maven.apache.org/maven2/org/codehaus/groovy/groovy-bom/2.5.13/groovy-bom-2.5.13.pom
2020-10-05 18:32:11,848 [Worker-34: Import Getting Started Content] INFO  o.e.m.c.i.e.AbstractTransferListenerAdapter - Downloading https://repo.maven.apache.org/maven2/org/eclipse/jetty/jetty-bom/9.4.31.v20200723/jetty-bom-9.4.31.v20200723.pom
2020-10-05 18:32:12,257 [Worker-34: Import Getting Started Content] INFO  o.e.m.c.i.e.AbstractTransferListenerAdapter - Downloaded https://repo.maven.apache.org/maven2/org/eclipse/jetty/jetty-bom/9.4.31.v20200723/jetty-bom-9.4.31.v20200723.pom
2020-10-05 18:32:12,736 [Worker-34: Import Getting Started Content] INFO  o.e.m.c.i.e.AbstractTransferListenerAdapter - Downloading https://repo.maven.apache.org/maven2/org/springframework/spring-framework-bom/5.1.18.RELEASE/spring-framework-bom-5.1.18.RELEASE.pom
2020-10-05 18:32:13,081 [Worker-34: Import Getting Started Content] INFO  o.e.m.c.i.e.AbstractTransferListenerAdapter - Downloaded https://repo.maven.apache.org/maven2/org/springframework/spring-framework-bom/5.1.18.RELEASE/spring-framework-bom-5.1.18.RELEASE.pom
2020-10-05 18:32:13,464 [Worker-34: Import Getting Started Content] INFO  o.e.m.c.i.e.AbstractTransferListenerAdapter - Downloading https://repo.maven.apache.org/maven2/org/springframework/data/spring-data-releasetrain/Lovelace-SR20/spring-data-releasetrain-Lovelace-SR20.pom
2020-10-05 18:32:13,863 [Worker-34: Import Getting Started Content] INFO  o.e.m.c.i.e.AbstractTransferListenerAdapter - Downloaded https://repo.maven.apache.org/maven2/org/springframework/data/spring-data-releasetrain/Lovelace-SR20/spring-data-releasetrain-Lovelace-SR20.pom
2020-10-05 18:32:14,206 [Worker-34: Import Getting Started Content] INFO  o.e.m.c.i.e.AbstractTransferListenerAdapter - Downloading https://repo.maven.apache.org/maven2/org/springframework/data/build/spring-data-build/2.1.20.RELEASE/spring-data-build-2.1.20.RELEASE.pom
2020-10-05 18:32:14,621 [Worker-34: Import Getting Started Content] INFO  o.e.m.c.i.e.AbstractTransferListenerAdapter - Downloaded https://repo.maven.apache.org/maven2/org/springframework/data/build/spring-data-build/2.1.20.RELEASE/spring-data-build-2.1.20.RELEASE.pom
2020-10-05 18:32:14,960 [Worker-34: Import Getting Started Content] INFO  o.e.m.c.i.e.AbstractTransferListenerAdapter - Downloading https://repo.maven.apache.org/maven2/org/springframework/integration/spring-integration-bom/5.1.12.RELEASE/spring-integration-bom-5.1.12.RELEASE.pom
2020-10-05 18:32:15,356 [Worker-34: Import Getting Started Content] INFO  o.e.m.c.i.e.AbstractTransferListenerAdapter - Downloaded https://repo.maven.apache.org/maven2/org/springframework/integration/spring-integration-bom/5.1.12.RELEASE/spring-integration-bom-5.1.12.RELEASE.pom
2020-10-05 18:32:15,722 [Worker-34: Import Getting Started Content] INFO  o.e.m.c.i.e.AbstractTransferListenerAdapter - Downloading https://repo.maven.apache.org/maven2/org/springframework/security/spring-security-bom/5.1.12.RELEASE/spring-security-bom-5.1.12.RELEASE.pom
2020-10-05 18:32:16,067 [Worker-34: Import Getting Started Content] INFO  o.e.m.c.i.e.AbstractTransferListenerAdapter - Downloaded https://repo.maven.apache.org/maven2/org/springframework/security/spring-security-bom/5.1.12.RELEASE/spring-security-bom-5.1.12.RELEASE.pom
2020-10-05 18:32:16,476 [Worker-34: Import Getting Started Content] INFO  o.e.m.c.i.e.AbstractTransferListenerAdapter - Downloading https://repo.maven.apache.org/maven2/org/springframework/session/spring-session-bom/Bean-SR12/spring-session-bom-Bean-SR12.pom
2020-10-05 18:32:16,848 [Worker-34: Import Getting Started Content] INFO  o.e.m.c.i.e.AbstractTransferListenerAdapter - Downloaded https://repo.maven.apache.org/maven2/org/springframework/session/spring-session-bom/Bean-SR12/spring-session-bom-Bean-SR12.pom
2020-10-05 18:32:19,260 [Worker-34: Import Getting Started Content] INFO  o.e.m.c.i.e.AbstractTransferListenerAdapter - Downloading https://repo.maven.apache.org/maven2/org/springframework/boot/spring-boot-maven-plugin/2.1.17.RELEASE/spring-boot-maven-plugin-2.1.17.RELEASE.pom
2020-10-05 18:32:19,622 [Worker-34: Import Getting Started Content] INFO  o.e.m.c.i.e.AbstractTransferListenerAdapter - Downloaded https://repo.maven.apache.org/maven2/org/springframework/boot/spring-boot-maven-plugin/2.1.17.RELEASE/spring-boot-maven-plugin-2.1.17.RELEASE.pom
2020-10-05 18:32:19,946 [Worker-34: Import Getting Started Content] INFO  o.e.m.c.i.e.AbstractTransferListenerAdapter - Downloading https://repo.maven.apache.org/maven2/org/springframework/boot/spring-boot-tools/2.1.17.RELEASE/spring-boot-tools-2.1.17.RELEASE.pom
2020-10-05 18:32:20,247 [Worker-34: Import Getting Started Content] INFO  o.e.m.c.i.e.AbstractTransferListenerAdapter - Downloaded https://repo.maven.apache.org/maven2/org/springframework/boot/spring-boot-tools/2.1.17.RELEASE/spring-boot-tools-2.1.17.RELEASE.pom
2020-10-05 18:32:20,562 [Worker-34: Import Getting Started Content] INFO  o.e.m.c.i.e.AbstractTransferListenerAdapter - Downloading https://repo.maven.apache.org/maven2/org/springframework/boot/spring-boot-parent/2.1.17.RELEASE/spring-boot-parent-2.1.17.RELEASE.pom
2020-10-05 18:32:20,868 [Worker-34: Import Getting Started Content] INFO  o.e.m.c.i.e.AbstractTransferListenerAdapter - Downloaded https://repo.maven.apache.org/maven2/org/springframework/boot/spring-boot-parent/2.1.17.RELEASE/spring-boot-parent-2.1.17.RELEASE.pom
2020-10-05 18:32:21,468 [Worker-34: Import Getting Started Content] INFO  o.e.m.c.i.e.AbstractTransferListenerAdapter - Downloading https://repo.maven.apache.org/maven2/org/springframework/boot/spring-boot-maven-plugin/2.1.17.RELEASE/spring-boot-maven-plugin-2.1.17.RELEASE.jar
2020-10-05 18:32:22,732 [Worker-34: Import Getting Started Content] INFO  o.e.m.c.i.e.AbstractTransferListenerAdapter - Downloaded https://repo.maven.apache.org/maven2/org/springframework/boot/spring-boot-maven-plugin/2.1.17.RELEASE/spring-boot-maven-plugin-2.1.17.RELEASE.jar
2020-10-05 18:32:28,421 [Worker-34: Import Getting Started Content] INFO  o.e.m.c.i.l.LifecycleMappingFactory - Using org.eclipse.m2e.jdt.JarLifecycleMapping lifecycle mapping for MavenProject: com.bookmyshow:movie-catalog-service:0.0.1-SNAPSHOT @ F:\JAVA\Eclipse workspaces\Microservices\JavaBrains\Microservices\movie-catalog-service\pom.xml.
2020-10-05 18:32:29,828 [Worker-34: Import Getting Started Content] INFO  o.e.m.c.i.e.AbstractTransferListenerAdapter - Downloading https://repo.maven.apache.org/maven2/org/springframework/boot/spring-boot-starter-web/2.1.17.RELEASE/spring-boot-starter-web-2.1.17.RELEASE.pom
2020-10-05 18:32:30,146 [Worker-34: Import Getting Started Content] INFO  o.e.m.c.i.e.AbstractTransferListenerAdapter - Downloaded https://repo.maven.apache.org/maven2/org/springframework/boot/spring-boot-starter-web/2.1.17.RELEASE/spring-boot-starter-web-2.1.17.RELEASE.pom
2020-10-05 18:32:30,436 [Worker-34: Import Getting Started Content] INFO  o.e.m.c.i.e.AbstractTransferListenerAdapter - Downloading https://repo.maven.apache.org/maven2/org/springframework/boot/spring-boot-starters/2.1.17.RELEASE/spring-boot-starters-2.1.17.RELEASE.pom
2020-10-05 18:32:30,726 [Worker-34: Import Getting Started Content] INFO  o.e.m.c.i.e.AbstractTransferListenerAdapter - Downloaded https://repo.maven.apache.org/maven2/org/springframework/boot/spring-boot-starters/2.1.17.RELEASE/spring-boot-starters-2.1.17.RELEASE.pom
2020-10-05 18:32:31,037 [Worker-34: Import Getting Started Content] INFO  o.e.m.c.i.e.AbstractTransferListenerAdapter - Downloading https://repo.maven.apache.org/maven2/org/springframework/boot/spring-boot-starter/2.1.17.RELEASE/spring-boot-starter-2.1.17.RELEASE.pom
2020-10-05 18:32:31,333 [Worker-34: Import Getting Started Content] INFO  o.e.m.c.i.e.AbstractTransferListenerAdapter - Downloaded https://repo.maven.apache.org/maven2/org/springframework/boot/spring-boot-starter/2.1.17.RELEASE/spring-boot-starter-2.1.17.RELEASE.pom
2020-10-05 18:32:31,609 [Worker-34: Import Getting Started Content] INFO  o.e.m.c.i.e.AbstractTransferListenerAdapter - Downloading https://repo.maven.apache.org/maven2/org/springframework/boot/spring-boot/2.1.17.RELEASE/spring-boot-2.1.17.RELEASE.pom
2020-10-05 18:32:31,962 [Worker-34: Import Getting Started Content] INFO  o.e.m.c.i.e.AbstractTransferListenerAdapter - Downloaded https://repo.maven.apache.org/maven2/org/springframework/boot/spring-boot/2.1.17.RELEASE/spring-boot-2.1.17.RELEASE.pom
2020-10-05 18:32:32,249 [Worker-34: Import Getting Started Content] INFO  o.e.m.c.i.e.AbstractTransferListenerAdapter - Downloading https://repo.maven.apache.org/maven2/org/springframework/spring-core/5.1.18.RELEASE/spring-core-5.1.18.RELEASE.pom
2020-10-05 18:32:32,548 [Worker-34: Import Getting Started Content] INFO  o.e.m.c.i.e.AbstractTransferListenerAdapter - Downloaded https://repo.maven.apache.org/maven2/org/springframework/spring-core/5.1.18.RELEASE/spring-core-5.1.18.RELEASE.pom
2020-10-05 18:32:32,846 [Worker-34: Import Getting Started Content] INFO  o.e.m.c.i.e.AbstractTransferListenerAdapter - Downloading https://repo.maven.apache.org/maven2/org/springframework/spring-jcl/5.1.18.RELEASE/spring-jcl-5.1.18.RELEASE.pom
2020-10-05 18:32:33,137 [Worker-34: Import Getting Started Content] INFO  o.e.m.c.i.e.AbstractTransferListenerAdapter - Downloaded https://repo.maven.apache.org/maven2/org/springframework/spring-jcl/5.1.18.RELEASE/spring-jcl-5.1.18.RELEASE.pom
2020-10-05 18:32:33,425 [Worker-34: Import Getting Started Content] INFO  o.e.m.c.i.e.AbstractTransferListenerAdapter - Downloading https://repo.maven.apache.org/maven2/org/springframework/spring-context/5.1.18.RELEASE/spring-context-5.1.18.RELEASE.pom
2020-10-05 18:32:33,732 [Worker-34: Import Getting Started Content] INFO  o.e.m.c.i.e.AbstractTransferListenerAdapter - Downloaded https://repo.maven.apache.org/maven2/org/springframework/spring-context/5.1.18.RELEASE/spring-context-5.1.18.RELEASE.pom
2020-10-05 18:32:34,027 [Worker-34: Import Getting Started Content] INFO  o.e.m.c.i.e.AbstractTransferListenerAdapter - Downloading https://repo.maven.apache.org/maven2/org/springframework/spring-aop/5.1.18.RELEASE/spring-aop-5.1.18.RELEASE.pom
2020-10-05 18:32:34,321 [Worker-34: Import Getting Started Content] INFO  o.e.m.c.i.e.AbstractTransferListenerAdapter - Downloaded https://repo.maven.apache.org/maven2/org/springframework/spring-aop/5.1.18.RELEASE/spring-aop-5.1.18.RELEASE.pom
2020-10-05 18:32:34,627 [Worker-34: Import Getting Started Content] INFO  o.e.m.c.i.e.AbstractTransferListenerAdapter - Downloading https://repo.maven.apache.org/maven2/org/springframework/spring-beans/5.1.18.RELEASE/spring-beans-5.1.18.RELEASE.pom
2020-10-05 18:32:34,950 [Worker-34: Import Getting Started Content] INFO  o.e.m.c.i.e.AbstractTransferListenerAdapter - Downloaded https://repo.maven.apache.org/maven2/org/springframework/spring-beans/5.1.18.RELEASE/spring-beans-5.1.18.RELEASE.pom
2020-10-05 18:32:35,260 [Worker-34: Import Getting Started Content] INFO  o.e.m.c.i.e.AbstractTransferListenerAdapter - Downloading https://repo.maven.apache.org/maven2/org/springframework/spring-expression/5.1.18.RELEASE/spring-expression-5.1.18.RELEASE.pom
2020-10-05 18:32:35,552 [Worker-34: Import Getting Started Content] INFO  o.e.m.c.i.e.AbstractTransferListenerAdapter - Downloaded https://repo.maven.apache.org/maven2/org/springframework/spring-expression/5.1.18.RELEASE/spring-expression-5.1.18.RELEASE.pom
2020-10-05 18:32:35,848 [Worker-34: Import Getting Started Content] INFO  o.e.m.c.i.e.AbstractTransferListenerAdapter - Downloading https://repo.maven.apache.org/maven2/org/springframework/boot/spring-boot-autoconfigure/2.1.17.RELEASE/spring-boot-autoconfigure-2.1.17.RELEASE.pom
2020-10-05 18:32:36,364 [Worker-34: Import Getting Started Content] INFO  o.e.m.c.i.e.AbstractTransferListenerAdapter - Downloaded https://repo.maven.apache.org/maven2/org/springframework/boot/spring-boot-autoconfigure/2.1.17.RELEASE/spring-boot-autoconfigure-2.1.17.RELEASE.pom
2020-10-05 18:32:36,675 [Worker-34: Import Getting Started Content] INFO  o.e.m.c.i.e.AbstractTransferListenerAdapter - Downloading https://repo.maven.apache.org/maven2/org/springframework/boot/spring-boot-starter-logging/2.1.17.RELEASE/spring-boot-starter-logging-2.1.17.RELEASE.pom
2020-10-05 18:32:36,974 [Worker-34: Import Getting Started Content] INFO  o.e.m.c.i.e.AbstractTransferListenerAdapter - Downloaded https://repo.maven.apache.org/maven2/org/springframework/boot/spring-boot-starter-logging/2.1.17.RELEASE/spring-boot-starter-logging-2.1.17.RELEASE.pom
2020-10-05 18:32:37,549 [Worker-34: Import Getting Started Content] INFO  o.e.m.c.i.e.AbstractTransferListenerAdapter - Downloading https://repo.maven.apache.org/maven2/org/springframework/boot/spring-boot-starter-json/2.1.17.RELEASE/spring-boot-starter-json-2.1.17.RELEASE.pom
2020-10-05 18:32:37,835 [Worker-34: Import Getting Started Content] INFO  o.e.m.c.i.e.AbstractTransferListenerAdapter - Downloaded https://repo.maven.apache.org/maven2/org/springframework/boot/spring-boot-starter-json/2.1.17.RELEASE/spring-boot-starter-json-2.1.17.RELEASE.pom
2020-10-05 18:32:38,148 [Worker-34: Import Getting Started Content] INFO  o.e.m.c.i.e.AbstractTransferListenerAdapter - Downloading https://repo.maven.apache.org/maven2/org/springframework/spring-web/5.1.18.RELEASE/spring-web-5.1.18.RELEASE.pom
2020-10-05 18:32:38,534 [Worker-34: Import Getting Started Content] INFO  o.e.m.c.i.e.AbstractTransferListenerAdapter - Downloaded https://repo.maven.apache.org/maven2/org/springframework/spring-web/5.1.18.RELEASE/spring-web-5.1.18.RELEASE.pom
2020-10-05 18:32:38,827 [Worker-34: Import Getting Started Content] INFO  o.e.m.c.i.e.AbstractTransferListenerAdapter - Downloading https://repo.maven.apache.org/maven2/com/fasterxml/jackson/core/jackson-databind/2.9.10.6/jackson-databind-2.9.10.6.pom
2020-10-05 18:32:39,176 [Worker-34: Import Getting Started Content] INFO  o.e.m.c.i.e.AbstractTransferListenerAdapter - Downloaded https://repo.maven.apache.org/maven2/com/fasterxml/jackson/core/jackson-databind/2.9.10.6/jackson-databind-2.9.10.6.pom
2020-10-05 18:32:39,517 [Worker-34: Import Getting Started Content] INFO  o.e.m.c.i.e.AbstractTransferListenerAdapter - Downloading https://repo.maven.apache.org/maven2/com/fasterxml/jackson/jackson-base/2.9.10.20200824/jackson-base-2.9.10.20200824.pom
2020-10-05 18:32:39,869 [Worker-34: Import Getting Started Content] INFO  o.e.m.c.i.e.AbstractTransferListenerAdapter - Downloaded https://repo.maven.apache.org/maven2/com/fasterxml/jackson/jackson-base/2.9.10.20200824/jackson-base-2.9.10.20200824.pom
2020-10-05 18:32:40,370 [Worker-34: Import Getting Started Content] INFO  o.e.m.c.i.e.AbstractTransferListenerAdapter - Downloading https://repo.maven.apache.org/maven2/org/springframework/boot/spring-boot-starter-tomcat/2.1.17.RELEASE/spring-boot-starter-tomcat-2.1.17.RELEASE.pom
2020-10-05 18:32:40,728 [Worker-34: Import Getting Started Content] INFO  o.e.m.c.i.e.AbstractTransferListenerAdapter - Downloaded https://repo.maven.apache.org/maven2/org/springframework/boot/spring-boot-starter-tomcat/2.1.17.RELEASE/spring-boot-starter-tomcat-2.1.17.RELEASE.pom
2020-10-05 18:32:41,095 [Worker-34: Import Getting Started Content] INFO  o.e.m.c.i.e.AbstractTransferListenerAdapter - Downloading https://repo.maven.apache.org/maven2/org/apache/tomcat/embed/tomcat-embed-core/9.0.38/tomcat-embed-core-9.0.38.pom
2020-10-05 18:32:41,433 [Worker-34: Import Getting Started Content] INFO  o.e.m.c.i.e.AbstractTransferListenerAdapter - Downloaded https://repo.maven.apache.org/maven2/org/apache/tomcat/embed/tomcat-embed-core/9.0.38/tomcat-embed-core-9.0.38.pom
2020-10-05 18:32:41,768 [Worker-34: Import Getting Started Content] INFO  o.e.m.c.i.e.AbstractTransferListenerAdapter - Downloading https://repo.maven.apache.org/maven2/org/apache/tomcat/embed/tomcat-embed-el/9.0.38/tomcat-embed-el-9.0.38.pom
2020-10-05 18:32:42,118 [Worker-34: Import Getting Started Content] INFO  o.e.m.c.i.e.AbstractTransferListenerAdapter - Downloaded https://repo.maven.apache.org/maven2/org/apache/tomcat/embed/tomcat-embed-el/9.0.38/tomcat-embed-el-9.0.38.pom
2020-10-05 18:32:42,472 [Worker-34: Import Getting Started Content] INFO  o.e.m.c.i.e.AbstractTransferListenerAdapter - Downloading https://repo.maven.apache.org/maven2/org/apache/tomcat/embed/tomcat-embed-websocket/9.0.38/tomcat-embed-websocket-9.0.38.pom
2020-10-05 18:32:42,817 [Worker-34: Import Getting Started Content] INFO  o.e.m.c.i.e.AbstractTransferListenerAdapter - Downloaded https://repo.maven.apache.org/maven2/org/apache/tomcat/embed/tomcat-embed-websocket/9.0.38/tomcat-embed-websocket-9.0.38.pom
2020-10-05 18:32:43,173 [Worker-34: Import Getting Started Content] INFO  o.e.m.c.i.e.AbstractTransferListenerAdapter - Downloading https://repo.maven.apache.org/maven2/org/apache/tomcat/tomcat-annotations-api/9.0.38/tomcat-annotations-api-9.0.38.pom
2020-10-05 18:32:43,496 [Worker-34: Import Getting Started Content] INFO  o.e.m.c.i.e.AbstractTransferListenerAdapter - Downloaded https://repo.maven.apache.org/maven2/org/apache/tomcat/tomcat-annotations-api/9.0.38/tomcat-annotations-api-9.0.38.pom
2020-10-05 18:32:43,887 [Worker-34: Import Getting Started Content] INFO  o.e.m.c.i.e.AbstractTransferListenerAdapter - Downloading https://repo.maven.apache.org/maven2/org/hibernate/validator/hibernate-validator/6.0.20.Final/hibernate-validator-6.0.20.Final.pom
2020-10-05 18:32:44,288 [Worker-34: Import Getting Started Content] INFO  o.e.m.c.i.e.AbstractTransferListenerAdapter - Downloaded https://repo.maven.apache.org/maven2/org/hibernate/validator/hibernate-validator/6.0.20.Final/hibernate-validator-6.0.20.Final.pom
2020-10-05 18:32:44,655 [Worker-34: Import Getting Started Content] INFO  o.e.m.c.i.e.AbstractTransferListenerAdapter - Downloading https://repo.maven.apache.org/maven2/org/hibernate/validator/hibernate-validator-parent/6.0.20.Final/hibernate-validator-parent-6.0.20.Final.pom
2020-10-05 18:32:45,490 [Worker-34: Import Getting Started Content] INFO  o.e.m.c.i.e.AbstractTransferListenerAdapter - Downloaded https://repo.maven.apache.org/maven2/org/hibernate/validator/hibernate-validator-parent/6.0.20.Final/hibernate-validator-parent-6.0.20.Final.pom
2020-10-05 18:32:45,973 [Worker-34: Import Getting Started Content] INFO  o.e.m.c.i.e.AbstractTransferListenerAdapter - Downloading https://repo.maven.apache.org/maven2/org/springframework/spring-webmvc/5.1.18.RELEASE/spring-webmvc-5.1.18.RELEASE.pom
2020-10-05 18:32:46,325 [Worker-34: Import Getting Started Content] INFO  o.e.m.c.i.e.AbstractTransferListenerAdapter - Downloaded https://repo.maven.apache.org/maven2/org/springframework/spring-webmvc/5.1.18.RELEASE/spring-webmvc-5.1.18.RELEASE.pom
2020-10-05 18:32:46,626 [Worker-34: Import Getting Started Content] INFO  o.e.m.c.i.e.AbstractTransferListenerAdapter - Downloading https://repo.maven.apache.org/maven2/org/springframework/boot/spring-boot-starter-test/2.1.17.RELEASE/spring-boot-starter-test-2.1.17.RELEASE.pom
2020-10-05 18:32:46,961 [Worker-34: Import Getting Started Content] INFO  o.e.m.c.i.e.AbstractTransferListenerAdapter - Downloaded https://repo.maven.apache.org/maven2/org/springframework/boot/spring-boot-starter-test/2.1.17.RELEASE/spring-boot-starter-test-2.1.17.RELEASE.pom
2020-10-05 18:32:47,309 [Worker-34: Import Getting Started Content] INFO  o.e.m.c.i.e.AbstractTransferListenerAdapter - Downloading https://repo.maven.apache.org/maven2/org/springframework/boot/spring-boot-test/2.1.17.RELEASE/spring-boot-test-2.1.17.RELEASE.pom
2020-10-05 18:32:47,662 [Worker-34: Import Getting Started Content] INFO  o.e.m.c.i.e.AbstractTransferListenerAdapter - Downloaded https://repo.maven.apache.org/maven2/org/springframework/boot/spring-boot-test/2.1.17.RELEASE/spring-boot-test-2.1.17.RELEASE.pom
2020-10-05 18:32:48,009 [Worker-34: Import Getting Started Content] INFO  o.e.m.c.i.e.AbstractTransferListenerAdapter - Downloading https://repo.maven.apache.org/maven2/org/springframework/boot/spring-boot-test-autoconfigure/2.1.17.RELEASE/spring-boot-test-autoconfigure-2.1.17.RELEASE.pom
2020-10-05 18:32:48,420 [Worker-34: Import Getting Started Content] INFO  o.e.m.c.i.e.AbstractTransferListenerAdapter - Downloaded https://repo.maven.apache.org/maven2/org/springframework/boot/spring-boot-test-autoconfigure/2.1.17.RELEASE/spring-boot-test-autoconfigure-2.1.17.RELEASE.pom
2020-10-05 18:32:49,223 [Worker-34: Import Getting Started Content] INFO  o.e.m.c.i.e.AbstractTransferListenerAdapter - Downloading https://repo.maven.apache.org/maven2/org/springframework/spring-test/5.1.18.RELEASE/spring-test-5.1.18.RELEASE.pom
2020-10-05 18:32:49,573 [Worker-34: Import Getting Started Content] INFO  o.e.m.c.i.e.AbstractTransferListenerAdapter - Downloaded https://repo.maven.apache.org/maven2/org/springframework/spring-test/5.1.18.RELEASE/spring-test-5.1.18.RELEASE.pom
2020-10-05 18:32:50,243 [Worker-34: Import Getting Started Content] INFO  o.e.m.c.i.e.AbstractTransferListenerAdapter - Downloading https://repo.maven.apache.org/maven2/org/springframework/boot/spring-boot-starter-web/2.1.17.RELEASE/spring-boot-starter-web-2.1.17.RELEASE.jar
2020-10-05 18:32:50,570 [Worker-34: Import Getting Started Content] INFO  o.e.m.c.i.e.AbstractTransferListenerAdapter - Downloaded https://repo.maven.apache.org/maven2/org/springframework/boot/spring-boot-starter-web/2.1.17.RELEASE/spring-boot-starter-web-2.1.17.RELEASE.jar
2020-10-05 18:32:50,877 [Worker-34: Import Getting Started Content] INFO  o.e.m.c.i.e.AbstractTransferListenerAdapter - Downloading https://repo.maven.apache.org/maven2/org/springframework/boot/spring-boot-starter/2.1.17.RELEASE/spring-boot-starter-2.1.17.RELEASE.jar
2020-10-05 18:32:51,207 [Worker-34: Import Getting Started Content] INFO  o.e.m.c.i.e.AbstractTransferListenerAdapter - Downloaded https://repo.maven.apache.org/maven2/org/springframework/boot/spring-boot-starter/2.1.17.RELEASE/spring-boot-starter-2.1.17.RELEASE.jar
2020-10-05 18:32:51,527 [Worker-34: Import Getting Started Content] INFO  o.e.m.c.i.e.AbstractTransferListenerAdapter - Downloading https://repo.maven.apache.org/maven2/org/springframework/boot/spring-boot/2.1.17.RELEASE/spring-boot-2.1.17.RELEASE.jar
2020-10-05 18:32:55,827 [Worker-34: Import Getting Started Content] INFO  o.e.m.c.i.e.AbstractTransferListenerAdapter - Downloaded https://repo.maven.apache.org/maven2/org/springframework/boot/spring-boot/2.1.17.RELEASE/spring-boot-2.1.17.RELEASE.jar
2020-10-05 18:32:56,139 [Worker-34: Import Getting Started Content] INFO  o.e.m.c.i.e.AbstractTransferListenerAdapter - Downloading https://repo.maven.apache.org/maven2/org/springframework/boot/spring-boot-autoconfigure/2.1.17.RELEASE/spring-boot-autoconfigure-2.1.17.RELEASE.jar
2020-10-05 18:33:01,107 [Worker-34: Import Getting Started Content] INFO  o.e.m.c.i.e.AbstractTransferListenerAdapter - Downloaded https://repo.maven.apache.org/maven2/org/springframework/boot/spring-boot-autoconfigure/2.1.17.RELEASE/spring-boot-autoconfigure-2.1.17.RELEASE.jar
2020-10-05 18:33:01,393 [Worker-34: Import Getting Started Content] INFO  o.e.m.c.i.e.AbstractTransferListenerAdapter - Downloading https://repo.maven.apache.org/maven2/org/springframework/boot/spring-boot-starter-logging/2.1.17.RELEASE/spring-boot-starter-logging-2.1.17.RELEASE.jar
2020-10-05 18:33:01,680 [Worker-34: Import Getting Started Content] INFO  o.e.m.c.i.e.AbstractTransferListenerAdapter - Downloaded https://repo.maven.apache.org/maven2/org/springframework/boot/spring-boot-starter-logging/2.1.17.RELEASE/spring-boot-starter-logging-2.1.17.RELEASE.jar
2020-10-05 18:33:01,949 [Worker-34: Import Getting Started Content] INFO  o.e.m.c.i.e.AbstractTransferListenerAdapter - Downloading https://repo.maven.apache.org/maven2/org/springframework/boot/spring-boot-starter-json/2.1.17.RELEASE/spring-boot-starter-json-2.1.17.RELEASE.jar
2020-10-05 18:33:02,290 [Worker-34: Import Getting Started Content] INFO  o.e.m.c.i.e.AbstractTransferListenerAdapter - Downloaded https://repo.maven.apache.org/maven2/org/springframework/boot/spring-boot-starter-json/2.1.17.RELEASE/spring-boot-starter-json-2.1.17.RELEASE.jar
2020-10-05 18:33:02,589 [Worker-34: Import Getting Started Content] INFO  o.e.m.c.i.e.AbstractTransferListenerAdapter - Downloading https://repo.maven.apache.org/maven2/com/fasterxml/jackson/core/jackson-databind/2.9.10.6/jackson-databind-2.9.10.6.jar
2020-10-05 18:33:11,554 [Worker-34: Import Getting Started Content] INFO  o.e.m.c.i.e.AbstractTransferListenerAdapter - Downloaded https://repo.maven.apache.org/maven2/com/fasterxml/jackson/core/jackson-databind/2.9.10.6/jackson-databind-2.9.10.6.jar
2020-10-05 18:33:11,815 [Worker-34: Import Getting Started Content] INFO  o.e.m.c.i.e.AbstractTransferListenerAdapter - Downloading https://repo.maven.apache.org/maven2/org/springframework/boot/spring-boot-starter-tomcat/2.1.17.RELEASE/spring-boot-starter-tomcat-2.1.17.RELEASE.jar
2020-10-05 18:33:12,217 [Worker-34: Import Getting Started Content] INFO  o.e.m.c.i.e.AbstractTransferListenerAdapter - Downloaded https://repo.maven.apache.org/maven2/org/springframework/boot/spring-boot-starter-tomcat/2.1.17.RELEASE/spring-boot-starter-tomcat-2.1.17.RELEASE.jar
2020-10-05 18:33:12,496 [Worker-34: Import Getting Started Content] INFO  o.e.m.c.i.e.AbstractTransferListenerAdapter - Downloading https://repo.maven.apache.org/maven2/org/apache/tomcat/embed/tomcat-embed-core/9.0.38/tomcat-embed-core-9.0.38.jar
2020-10-05 18:33:39,287 [Worker-34: Import Getting Started Content] INFO  o.e.m.c.i.e.AbstractTransferListenerAdapter - Downloaded https://repo.maven.apache.org/maven2/org/apache/tomcat/embed/tomcat-embed-core/9.0.38/tomcat-embed-core-9.0.38.jar
2020-10-05 18:33:39,576 [Worker-34: Import Getting Started Content] INFO  o.e.m.c.i.e.AbstractTransferListenerAdapter - Downloading https://repo.maven.apache.org/maven2/org/apache/tomcat/embed/tomcat-embed-el/9.0.38/tomcat-embed-el-9.0.38.jar
2020-10-05 18:33:43,582 [Worker-34: Import Getting Started Content] INFO  o.e.m.c.i.e.AbstractTransferListenerAdapter - Downloaded https://repo.maven.apache.org/maven2/org/apache/tomcat/embed/tomcat-embed-el/9.0.38/tomcat-embed-el-9.0.38.jar
2020-10-05 18:33:45,155 [Worker-34: Import Getting Started Content] INFO  o.e.m.c.i.e.AbstractTransferListenerAdapter - Downloading https://repo.maven.apache.org/maven2/org/apache/tomcat/embed/tomcat-embed-websocket/9.0.38/tomcat-embed-websocket-9.0.38.jar
2020-10-05 18:33:51,733 [Worker-34: Import Getting Started Content] INFO  o.e.m.c.i.e.AbstractTransferListenerAdapter - Downloaded https://repo.maven.apache.org/maven2/org/apache/tomcat/embed/tomcat-embed-websocket/9.0.38/tomcat-embed-websocket-9.0.38.jar
2020-10-05 18:33:53,028 [Worker-34: Import Getting Started Content] INFO  o.e.m.c.i.e.AbstractTransferListenerAdapter - Downloading https://repo.maven.apache.org/maven2/org/hibernate/validator/hibernate-validator/6.0.20.Final/hibernate-validator-6.0.20.Final.jar
2020-10-05 18:34:23,587 [Worker-34: Import Getting Started Content] INFO  o.e.m.c.i.e.AbstractTransferListenerAdapter - Downloaded https://repo.maven.apache.org/maven2/org/hibernate/validator/hibernate-validator/6.0.20.Final/hibernate-validator-6.0.20.Final.jar
2020-10-05 18:34:28,469 [Worker-34: Import Getting Started Content] INFO  o.e.m.c.i.e.AbstractTransferListenerAdapter - Downloading https://repo.maven.apache.org/maven2/org/springframework/spring-web/5.1.18.RELEASE/spring-web-5.1.18.RELEASE.jar
2020-10-05 18:34:53,598 [Worker-34: Import Getting Started Content] INFO  o.e.m.c.i.e.AbstractTransferListenerAdapter - Downloaded https://repo.maven.apache.org/maven2/org/springframework/spring-web/5.1.18.RELEASE/spring-web-5.1.18.RELEASE.jar
2020-10-05 18:34:55,499 [Worker-34: Import Getting Started Content] INFO  o.e.m.c.i.e.AbstractTransferListenerAdapter - Downloading https://repo.maven.apache.org/maven2/org/springframework/spring-beans/5.1.18.RELEASE/spring-beans-5.1.18.RELEASE.jar
2020-10-05 18:35:02,576 [Worker-34: Import Getting Started Content] INFO  o.e.m.c.i.e.AbstractTransferListenerAdapter - Downloaded https://repo.maven.apache.org/maven2/org/springframework/spring-beans/5.1.18.RELEASE/spring-beans-5.1.18.RELEASE.jar
2020-10-05 18:35:02,977 [Worker-34: Import Getting Started Content] INFO  o.e.m.c.i.e.AbstractTransferListenerAdapter - Downloading https://repo.maven.apache.org/maven2/org/springframework/spring-webmvc/5.1.18.RELEASE/spring-webmvc-5.1.18.RELEASE.jar
2020-10-05 18:35:08,051 [Worker-35: reload maven project] INFO  o.e.m.c.i.e.AbstractTransferListenerAdapter - Downloading https://repo.maven.apache.org/maven2/org/springframework/spring-beans/5.1.18.RELEASE/spring-beans-5.1.18.RELEASE.jar
2020-10-05 18:35:09,087 [Worker-34: Import Getting Started Content] INFO  o.e.m.c.i.e.AbstractTransferListenerAdapter - Downloaded https://repo.maven.apache.org/maven2/org/springframework/spring-webmvc/5.1.18.RELEASE/spring-webmvc-5.1.18.RELEASE.jar
2020-10-05 18:35:10,354 [Worker-34: Import Getting Started Content] INFO  o.e.m.c.i.e.AbstractTransferListenerAdapter - Downloading https://repo.maven.apache.org/maven2/org/springframework/spring-aop/5.1.18.RELEASE/spring-aop-5.1.18.RELEASE.jar
2020-10-05 18:35:13,975 [Worker-34: Import Getting Started Content] INFO  o.e.m.c.i.e.AbstractTransferListenerAdapter - Downloaded https://repo.maven.apache.org/maven2/org/springframework/spring-aop/5.1.18.RELEASE/spring-aop-5.1.18.RELEASE.jar
2020-10-05 18:35:14,537 [Worker-34: Import Getting Started Content] INFO  o.e.m.c.i.e.AbstractTransferListenerAdapter - Downloading https://repo.maven.apache.org/maven2/org/springframework/spring-context/5.1.18.RELEASE/spring-context-5.1.18.RELEASE.jar
2020-10-05 18:35:26,249 [Worker-34: Import Getting Started Content] INFO  o.e.m.c.i.e.AbstractTransferListenerAdapter - Downloaded https://repo.maven.apache.org/maven2/org/springframework/spring-context/5.1.18.RELEASE/spring-context-5.1.18.RELEASE.jar
2020-10-05 18:35:26,551 [Worker-34: Import Getting Started Content] INFO  o.e.m.c.i.e.AbstractTransferListenerAdapter - Downloading https://repo.maven.apache.org/maven2/org/springframework/spring-expression/5.1.18.RELEASE/spring-expression-5.1.18.RELEASE.jar
2020-10-05 18:35:31,220 [Worker-34: Import Getting Started Content] INFO  o.e.m.c.i.e.AbstractTransferListenerAdapter - Downloaded https://repo.maven.apache.org/maven2/org/springframework/spring-expression/5.1.18.RELEASE/spring-expression-5.1.18.RELEASE.jar
2020-10-05 18:35:32,207 [Worker-34: Import Getting Started Content] INFO  o.e.m.c.i.e.AbstractTransferListenerAdapter - Downloading https://repo.maven.apache.org/maven2/org/springframework/boot/spring-boot-starter-test/2.1.17.RELEASE/spring-boot-starter-test-2.1.17.RELEASE.jar
2020-10-05 18:35:32,757 [Worker-34: Import Getting Started Content] INFO  o.e.m.c.i.e.AbstractTransferListenerAdapter - Downloaded https://repo.maven.apache.org/maven2/org/springframework/boot/spring-boot-starter-test/2.1.17.RELEASE/spring-boot-starter-test-2.1.17.RELEASE.jar
2020-10-05 18:35:33,268 [Worker-34: Import Getting Started Content] INFO  o.e.m.c.i.e.AbstractTransferListenerAdapter - Downloading https://repo.maven.apache.org/maven2/org/springframework/boot/spring-boot-test/2.1.17.RELEASE/spring-boot-test-2.1.17.RELEASE.jar
2020-10-05 18:35:35,467 [Worker-34: Import Getting Started Content] INFO  o.e.m.c.i.e.AbstractTransferListenerAdapter - Downloaded https://repo.maven.apache.org/maven2/org/springframework/boot/spring-boot-test/2.1.17.RELEASE/spring-boot-test-2.1.17.RELEASE.jar
2020-10-05 18:35:35,702 [Worker-35: reload maven project] INFO  o.e.m.c.i.e.AbstractTransferListenerAdapter - Downloaded https://repo.maven.apache.org/maven2/org/springframework/spring-beans/5.1.18.RELEASE/spring-beans-5.1.18.RELEASE.jar
2020-10-05 18:35:35,839 [Worker-34: Import Getting Started Content] INFO  o.e.m.c.i.e.AbstractTransferListenerAdapter - Downloading https://repo.maven.apache.org/maven2/org/springframework/boot/spring-boot-test-autoconfigure/2.1.17.RELEASE/spring-boot-test-autoconfigure-2.1.17.RELEASE.jar
2020-10-05 18:35:36,585 [Worker-35: reload maven project] INFO  o.e.m.c.i.e.AbstractTransferListenerAdapter - Downloading https://repo.maven.apache.org/maven2/org/springframework/spring-webmvc/5.1.18.RELEASE/spring-webmvc-5.1.18.RELEASE.jar
2020-10-05 18:35:38,729 [Worker-34: Import Getting Started Content] INFO  o.e.m.c.i.e.AbstractTransferListenerAdapter - Downloaded https://repo.maven.apache.org/maven2/org/springframework/boot/spring-boot-test-autoconfigure/2.1.17.RELEASE/spring-boot-test-autoconfigure-2.1.17.RELEASE.jar
2020-10-05 18:35:40,650 [Worker-34: Import Getting Started Content] INFO  o.e.m.c.i.e.AbstractTransferListenerAdapter - Downloading https://repo.maven.apache.org/maven2/org/springframework/spring-core/5.1.18.RELEASE/spring-core-5.1.18.RELEASE.jar
2020-10-05 18:35:55,666 [Worker-34: Import Getting Started Content] INFO  o.e.m.c.i.e.AbstractTransferListenerAdapter - Downloaded https://repo.maven.apache.org/maven2/org/springframework/spring-core/5.1.18.RELEASE/spring-core-5.1.18.RELEASE.jar
2020-10-05 18:35:56,365 [Worker-34: Import Getting Started Content] INFO  o.e.m.c.i.e.AbstractTransferListenerAdapter - Downloading https://repo.maven.apache.org/maven2/org/springframework/spring-jcl/5.1.18.RELEASE/spring-jcl-5.1.18.RELEASE.jar
2020-10-05 18:35:57,775 [Worker-34: Import Getting Started Content] INFO  o.e.m.c.i.e.AbstractTransferListenerAdapter - Downloaded https://repo.maven.apache.org/maven2/org/springframework/spring-jcl/5.1.18.RELEASE/spring-jcl-5.1.18.RELEASE.jar
2020-10-05 18:35:58,201 [Worker-35: reload maven project] INFO  o.e.m.c.i.e.AbstractTransferListenerAdapter - Downloaded https://repo.maven.apache.org/maven2/org/springframework/spring-webmvc/5.1.18.RELEASE/spring-webmvc-5.1.18.RELEASE.jar
2020-10-05 18:35:58,231 [Worker-34: Import Getting Started Content] INFO  o.e.m.c.i.e.AbstractTransferListenerAdapter - Downloading https://repo.maven.apache.org/maven2/org/springframework/spring-test/5.1.18.RELEASE/spring-test-5.1.18.RELEASE.jar
2020-10-05 18:36:02,082 [Worker-35: reload maven project] INFO  o.e.m.c.i.e.AbstractTransferListenerAdapter - Downloading https://repo.maven.apache.org/maven2/org/springframework/spring-aop/5.1.18.RELEASE/spring-aop-5.1.18.RELEASE.jar
2020-10-05 18:36:05,056 [Worker-34: Import Getting Started Content] INFO  o.e.m.c.i.e.AbstractTransferListenerAdapter - Downloaded https://repo.maven.apache.org/maven2/org/springframework/spring-test/5.1.18.RELEASE/spring-test-5.1.18.RELEASE.jar
2020-10-05 18:36:14,386 [Worker-35: reload maven project] INFO  o.e.m.c.i.e.AbstractTransferListenerAdapter - Downloaded https://repo.maven.apache.org/maven2/org/springframework/spring-aop/5.1.18.RELEASE/spring-aop-5.1.18.RELEASE.jar
2020-10-05 18:36:16,377 [Worker-35: reload maven project] INFO  o.e.m.c.i.e.AbstractTransferListenerAdapter - Downloading https://repo.maven.apache.org/maven2/org/springframework/spring-context/5.1.18.RELEASE/spring-context-5.1.18.RELEASE.jar
2020-10-05 18:36:24,301 [Worker-34: Import Getting Started Content] INFO  o.e.m.j.i.AbstractJavaProjectConfigurator - Adding source folder /movie-catalog-service/src/main/java
2020-10-05 18:36:24,304 [Worker-34: Import Getting Started Content] INFO  o.e.m.j.i.AbstractJavaProjectConfigurator - Adding resource folder /movie-catalog-service/src/main/resources
2020-10-05 18:36:24,346 [Worker-34: Import Getting Started Content] INFO  o.e.m.j.i.AbstractJavaProjectConfigurator - Adding resource folder /movie-catalog-service/src/main/resources
2020-10-05 18:36:24,387 [Worker-34: Import Getting Started Content] INFO  o.e.m.j.i.AbstractJavaProjectConfigurator - Adding source folder /movie-catalog-service/src/test/java
2020-10-05 18:36:28,166 [Worker-40: Download sources and javadoc] INFO  o.e.m.c.i.e.AbstractTransferListenerAdapter - Downloading https://repo.maven.apache.org/maven2/org/springframework/boot/spring-boot-starter-web/2.1.17.RELEASE/spring-boot-starter-web-2.1.17.RELEASE-sources.jar
2020-10-05 18:36:32,992 [Worker-40: Download sources and javadoc] INFO  o.e.m.c.i.e.AbstractTransferListenerAdapter - Downloaded https://repo.maven.apache.org/maven2/org/springframework/boot/spring-boot-starter-web/2.1.17.RELEASE/spring-boot-starter-web-2.1.17.RELEASE-sources.jar
2020-10-05 18:36:33,158 [Worker-40: Download sources and javadoc] INFO  o.e.m.j.internal.DownloadSourcesJob - Downloaded sources for org.springframework.boot:spring-boot-starter-web:2.1.17.RELEASE
2020-10-05 18:36:33,472 [Worker-34: Import Getting Started Content] INFO  o.e.m.c.i.p.ProjectConfigurationManager - Imported and configured 1 project(s) in 278 sec
2020-10-05 18:36:33,486 [Worker-34: Import Getting Started Content] INFO  o.e.m.c.i.p.ProjectConfigurationManager - Update started
2020-10-05 18:36:35,807 [Worker-34: Import Getting Started Content] INFO  o.e.m.c.i.l.LifecycleMappingFactory - Using org.eclipse.m2e.jdt.JarLifecycleMapping lifecycle mapping for MavenProject: com.bookmyshow:movie-catalog-service:0.0.1-SNAPSHOT @ F:\JAVA\Eclipse workspaces\Microservices\JavaBrains\Microservices\movie-catalog-service\pom.xml.
2020-10-05 18:36:36,612 [Worker-34: Import Getting Started Content] INFO  o.e.m.j.i.AbstractJavaProjectConfigurator - Adding source folder /movie-catalog-service/src/main/java
2020-10-05 18:36:36,613 [Worker-34: Import Getting Started Content] INFO  o.e.m.j.i.AbstractJavaProjectConfigurator - Adding resource folder /movie-catalog-service/src/main/resources
2020-10-05 18:36:36,613 [Worker-34: Import Getting Started Content] INFO  o.e.m.j.i.AbstractJavaProjectConfigurator - Adding resource folder /movie-catalog-service/src/main/resources
2020-10-05 18:36:36,614 [Worker-34: Import Getting Started Content] INFO  o.e.m.j.i.AbstractJavaProjectConfigurator - Adding source folder /movie-catalog-service/src/test/java
2020-10-05 18:36:37,895 [Worker-34: Import Getting Started Content] INFO  o.e.m.c.i.p.ProjectConfigurationManager - Update completed: 4 sec
2020-10-05 18:36:41,540 [Worker-40: Download sources and javadoc] INFO  o.e.m.c.i.e.AbstractTransferListenerAdapter - Downloading https://repo.maven.apache.org/maven2/org/springframework/boot/spring-boot-starter/2.1.17.RELEASE/spring-boot-starter-2.1.17.RELEASE-sources.jar
2020-10-05 18:36:44,245 [Worker-40: Download sources and javadoc] INFO  o.e.m.c.i.e.AbstractTransferListenerAdapter - Downloaded https://repo.maven.apache.org/maven2/org/springframework/boot/spring-boot-starter/2.1.17.RELEASE/spring-boot-starter-2.1.17.RELEASE-sources.jar
2020-10-05 18:36:44,366 [Worker-40: Download sources and javadoc] INFO  o.e.m.j.internal.DownloadSourcesJob - Downloaded sources for org.springframework.boot:spring-boot-starter:2.1.17.RELEASE
2020-10-05 18:36:45,172 [Worker-35: reload maven project] INFO  o.e.m.c.i.e.AbstractTransferListenerAdapter - Downloaded https://repo.maven.apache.org/maven2/org/springframework/spring-context/5.1.18.RELEASE/spring-context-5.1.18.RELEASE.jar
2020-10-05 18:36:45,489 [Worker-35: reload maven project] INFO  o.e.m.c.i.e.AbstractTransferListenerAdapter - Downloading https://repo.maven.apache.org/maven2/org/springframework/spring-expression/5.1.18.RELEASE/spring-expression-5.1.18.RELEASE.jar
2020-10-05 18:36:48,127 [Worker-35: reload maven project] INFO  o.e.m.c.i.e.AbstractTransferListenerAdapter - Downloaded https://repo.maven.apache.org/maven2/org/springframework/spring-expression/5.1.18.RELEASE/spring-expression-5.1.18.RELEASE.jar
2020-10-05 18:36:48,406 [Worker-35: reload maven project] INFO  o.e.m.c.i.e.AbstractTransferListenerAdapter - Downloading https://repo.maven.apache.org/maven2/org/springframework/boot/spring-boot-starter-test/2.1.17.RELEASE/spring-boot-starter-test-2.1.17.RELEASE.jar
2020-10-05 18:36:48,639 [Worker-40: Download sources and javadoc] INFO  o.e.m.c.i.e.AbstractTransferListenerAdapter - Downloading https://repo.maven.apache.org/maven2/org/springframework/boot/spring-boot/2.1.17.RELEASE/spring-boot-2.1.17.RELEASE-sources.jar
2020-10-05 18:36:48,738 [Worker-35: reload maven project] INFO  o.e.m.c.i.e.AbstractTransferListenerAdapter - Downloaded https://repo.maven.apache.org/maven2/org/springframework/boot/spring-boot-starter-test/2.1.17.RELEASE/spring-boot-starter-test-2.1.17.RELEASE.jar
2020-10-05 18:36:49,082 [Worker-35: reload maven project] INFO  o.e.m.c.i.e.AbstractTransferListenerAdapter - Downloading https://repo.maven.apache.org/maven2/org/springframework/boot/spring-boot-test/2.1.17.RELEASE/spring-boot-test-2.1.17.RELEASE.jar
2020-10-05 18:36:50,329 [Worker-41: Building] INFO  o.e.m.c.i.embedder.EclipseLogger - Using 'UTF-8' encoding to copy filtered resources.
2020-10-05 18:36:50,334 [Worker-41: Building] INFO  o.e.m.c.i.embedder.EclipseLogger - Copying 1 resource
2020-10-05 18:36:50,352 [Worker-41: Building] INFO  o.e.m.c.i.embedder.EclipseLogger - Copying 0 resource
2020-10-05 18:36:50,357 [Worker-41: Building] INFO  o.e.m.c.i.embedder.EclipseLogger - Using 'UTF-8' encoding to copy filtered resources.
2020-10-05 18:36:50,357 [Worker-41: Building] INFO  o.e.m.c.i.embedder.EclipseLogger - skip non existing resourceDirectory F:\JAVA\Eclipse workspaces\Microservices\JavaBrains\Microservices\movie-catalog-service\src\test\resources
2020-10-05 18:36:51,223 [Worker-35: reload maven project] INFO  o.e.m.c.i.e.AbstractTransferListenerAdapter - Downloaded https://repo.maven.apache.org/maven2/org/springframework/boot/spring-boot-test/2.1.17.RELEASE/spring-boot-test-2.1.17.RELEASE.jar
2020-10-05 18:36:51,701 [Worker-35: reload maven project] INFO  o.e.m.c.i.e.AbstractTransferListenerAdapter - Downloading https://repo.maven.apache.org/maven2/org/springframework/boot/spring-boot-test-autoconfigure/2.1.17.RELEASE/spring-boot-test-autoconfigure-2.1.17.RELEASE.jar
2020-10-05 18:36:53,787 [Worker-35: reload maven project] INFO  o.e.m.c.i.e.AbstractTransferListenerAdapter - Downloaded https://repo.maven.apache.org/maven2/org/springframework/boot/spring-boot-test-autoconfigure/2.1.17.RELEASE/spring-boot-test-autoconfigure-2.1.17.RELEASE.jar
2020-10-05 18:36:54,195 [Worker-35: reload maven project] INFO  o.e.m.c.i.e.AbstractTransferListenerAdapter - Downloading https://repo.maven.apache.org/maven2/org/springframework/spring-core/5.1.18.RELEASE/spring-core-5.1.18.RELEASE.jar
2020-10-05 18:36:58,823 [Worker-40: Download sources and javadoc] INFO  o.e.m.c.i.e.AbstractTransferListenerAdapter - Downloaded https://repo.maven.apache.org/maven2/org/springframework/boot/spring-boot/2.1.17.RELEASE/spring-boot-2.1.17.RELEASE-sources.jar
2020-10-05 18:36:58,959 [Worker-40: Download sources and javadoc] INFO  o.e.m.j.internal.DownloadSourcesJob - Downloaded sources for org.springframework.boot:spring-boot:2.1.17.RELEASE
2020-10-05 18:37:04,216 [Worker-40: Download sources and javadoc] INFO  o.e.m.c.i.e.AbstractTransferListenerAdapter - Downloading https://repo.maven.apache.org/maven2/org/springframework/boot/spring-boot-autoconfigure/2.1.17.RELEASE/spring-boot-autoconfigure-2.1.17.RELEASE-sources.jar
2020-10-05 18:37:11,560 [Worker-35: reload maven project] INFO  o.e.m.c.i.e.AbstractTransferListenerAdapter - Downloaded https://repo.maven.apache.org/maven2/org/springframework/spring-core/5.1.18.RELEASE/spring-core-5.1.18.RELEASE.jar
2020-10-05 18:37:11,858 [Worker-35: reload maven project] INFO  o.e.m.c.i.e.AbstractTransferListenerAdapter - Downloading https://repo.maven.apache.org/maven2/org/springframework/spring-jcl/5.1.18.RELEASE/spring-jcl-5.1.18.RELEASE.jar
2020-10-05 18:37:12,558 [Worker-35: reload maven project] INFO  o.e.m.c.i.e.AbstractTransferListenerAdapter - Downloaded https://repo.maven.apache.org/maven2/org/springframework/spring-jcl/5.1.18.RELEASE/spring-jcl-5.1.18.RELEASE.jar
2020-10-05 18:37:13,182 [Worker-35: reload maven project] INFO  o.e.m.c.i.e.AbstractTransferListenerAdapter - Downloading https://repo.maven.apache.org/maven2/org/springframework/spring-test/5.1.18.RELEASE/spring-test-5.1.18.RELEASE.jar
2020-10-05 18:37:19,149 [Worker-35: reload maven project] INFO  o.e.m.c.i.e.AbstractTransferListenerAdapter - Downloaded https://repo.maven.apache.org/maven2/org/springframework/spring-test/5.1.18.RELEASE/spring-test-5.1.18.RELEASE.jar
2020-10-05 18:37:19,205 [Worker-40: Download sources and javadoc] INFO  o.e.m.c.i.e.AbstractTransferListenerAdapter - Downloaded https://repo.maven.apache.org/maven2/org/springframework/boot/spring-boot-autoconfigure/2.1.17.RELEASE/spring-boot-autoconfigure-2.1.17.RELEASE-sources.jar
2020-10-05 18:37:19,335 [Worker-40: Download sources and javadoc] INFO  o.e.m.j.internal.DownloadSourcesJob - Downloaded sources for org.springframework.boot:spring-boot-autoconfigure:2.1.17.RELEASE
2020-10-05 18:37:20,647 [Worker-40: Download sources and javadoc] INFO  o.e.m.c.i.e.AbstractTransferListenerAdapter - Downloading https://repo.maven.apache.org/maven2/org/springframework/boot/spring-boot-starter-logging/2.1.17.RELEASE/spring-boot-starter-logging-2.1.17.RELEASE-sources.jar
2020-10-05 18:37:20,963 [Worker-40: Download sources and javadoc] INFO  o.e.m.c.i.e.AbstractTransferListenerAdapter - Downloaded https://repo.maven.apache.org/maven2/org/springframework/boot/spring-boot-starter-logging/2.1.17.RELEASE/spring-boot-starter-logging-2.1.17.RELEASE-sources.jar
2020-10-05 18:37:21,087 [Worker-40: Download sources and javadoc] INFO  o.e.m.j.internal.DownloadSourcesJob - Downloaded sources for org.springframework.boot:spring-boot-starter-logging:2.1.17.RELEASE
2020-10-05 18:37:22,375 [Worker-40: Download sources and javadoc] INFO  o.e.m.c.i.e.AbstractTransferListenerAdapter - Downloading https://repo.maven.apache.org/maven2/org/springframework/boot/spring-boot-starter-json/2.1.17.RELEASE/spring-boot-starter-json-2.1.17.RELEASE-sources.jar
2020-10-05 18:37:22,721 [Worker-40: Download sources and javadoc] INFO  o.e.m.c.i.e.AbstractTransferListenerAdapter - Downloaded https://repo.maven.apache.org/maven2/org/springframework/boot/spring-boot-starter-json/2.1.17.RELEASE/spring-boot-starter-json-2.1.17.RELEASE-sources.jar
2020-10-05 18:37:22,855 [Worker-40: Download sources and javadoc] INFO  o.e.m.j.internal.DownloadSourcesJob - Downloaded sources for org.springframework.boot:spring-boot-starter-json:2.1.17.RELEASE
2020-10-05 18:37:24,379 [Worker-40: Download sources and javadoc] INFO  o.e.m.c.i.e.AbstractTransferListenerAdapter - Downloading https://repo.maven.apache.org/maven2/com/fasterxml/jackson/core/jackson-databind/2.9.10.6/jackson-databind-2.9.10.6-sources.jar
2020-10-05 18:37:31,690 [Worker-40: Download sources and javadoc] INFO  o.e.m.c.i.e.AbstractTransferListenerAdapter - Downloaded https://repo.maven.apache.org/maven2/com/fasterxml/jackson/core/jackson-databind/2.9.10.6/jackson-databind-2.9.10.6-sources.jar
2020-10-05 18:37:31,723 [Worker-40: Download sources and javadoc] INFO  o.e.m.j.internal.DownloadSourcesJob - Downloaded sources for com.fasterxml.jackson.core:jackson-databind:2.9.10.6
2020-10-05 18:37:32,889 [Worker-40: Download sources and javadoc] INFO  o.e.m.c.i.e.AbstractTransferListenerAdapter - Downloading https://repo.maven.apache.org/maven2/org/springframework/boot/spring-boot-starter-tomcat/2.1.17.RELEASE/spring-boot-starter-tomcat-2.1.17.RELEASE-sources.jar
2020-10-05 18:37:33,230 [Worker-40: Download sources and javadoc] INFO  o.e.m.c.i.e.AbstractTransferListenerAdapter - Downloaded https://repo.maven.apache.org/maven2/org/springframework/boot/spring-boot-starter-tomcat/2.1.17.RELEASE/spring-boot-starter-tomcat-2.1.17.RELEASE-sources.jar
2020-10-05 18:37:33,362 [Worker-40: Download sources and javadoc] INFO  o.e.m.j.internal.DownloadSourcesJob - Downloaded sources for org.springframework.boot:spring-boot-starter-tomcat:2.1.17.RELEASE
2020-10-05 18:37:34,724 [Worker-40: Download sources and javadoc] INFO  o.e.m.c.i.e.AbstractTransferListenerAdapter - Downloading https://repo.maven.apache.org/maven2/org/apache/tomcat/embed/tomcat-embed-core/9.0.38/tomcat-embed-core-9.0.38-sources.jar
2020-10-05 18:38:26,059 [Worker-40: Download sources and javadoc] INFO  o.e.m.c.i.e.AbstractTransferListenerAdapter - Downloaded https://repo.maven.apache.org/maven2/org/apache/tomcat/embed/tomcat-embed-core/9.0.38/tomcat-embed-core-9.0.38-sources.jar
2020-10-05 18:38:26,269 [Worker-40: Download sources and javadoc] INFO  o.e.m.j.internal.DownloadSourcesJob - Downloaded sources for org.apache.tomcat.embed:tomcat-embed-core:9.0.38
2020-10-05 18:38:27,716 [Worker-40: Download sources and javadoc] INFO  o.e.m.c.i.e.AbstractTransferListenerAdapter - Downloading https://repo.maven.apache.org/maven2/org/apache/tomcat/embed/tomcat-embed-el/9.0.38/tomcat-embed-el-9.0.38-sources.jar
2020-10-05 18:38:29,872 [Worker-40: Download sources and javadoc] INFO  o.e.m.c.i.e.AbstractTransferListenerAdapter - Downloaded https://repo.maven.apache.org/maven2/org/apache/tomcat/embed/tomcat-embed-el/9.0.38/tomcat-embed-el-9.0.38-sources.jar
2020-10-05 18:38:30,296 [Worker-40: Download sources and javadoc] INFO  o.e.m.j.internal.DownloadSourcesJob - Downloaded sources for org.apache.tomcat.embed:tomcat-embed-el:9.0.38
2020-10-05 18:38:31,467 [Worker-40: Download sources and javadoc] INFO  o.e.m.c.i.e.AbstractTransferListenerAdapter - Downloading https://repo.maven.apache.org/maven2/org/apache/tomcat/embed/tomcat-embed-websocket/9.0.38/tomcat-embed-websocket-9.0.38-sources.jar
2020-10-05 18:38:33,988 [Worker-40: Download sources and javadoc] INFO  o.e.m.c.i.e.AbstractTransferListenerAdapter - Downloaded https://repo.maven.apache.org/maven2/org/apache/tomcat/embed/tomcat-embed-websocket/9.0.38/tomcat-embed-websocket-9.0.38-sources.jar
2020-10-05 18:38:34,224 [Worker-40: Download sources and javadoc] INFO  o.e.m.j.internal.DownloadSourcesJob - Downloaded sources for org.apache.tomcat.embed:tomcat-embed-websocket:9.0.38
2020-10-05 18:38:35,713 [Worker-40: Download sources and javadoc] INFO  o.e.m.c.i.e.AbstractTransferListenerAdapter - Downloading https://repo.maven.apache.org/maven2/org/hibernate/validator/hibernate-validator/6.0.20.Final/hibernate-validator-6.0.20.Final-sources.jar
2020-10-05 18:38:41,626 [Worker-40: Download sources and javadoc] INFO  o.e.m.c.i.e.AbstractTransferListenerAdapter - Downloaded https://repo.maven.apache.org/maven2/org/hibernate/validator/hibernate-validator/6.0.20.Final/hibernate-validator-6.0.20.Final-sources.jar
2020-10-05 18:38:41,659 [Worker-40: Download sources and javadoc] INFO  o.e.m.j.internal.DownloadSourcesJob - Downloaded sources for org.hibernate.validator:hibernate-validator:6.0.20.Final
2020-10-05 18:38:42,959 [Worker-40: Download sources and javadoc] INFO  o.e.m.c.i.e.AbstractTransferListenerAdapter - Downloading https://repo.maven.apache.org/maven2/org/springframework/spring-web/5.1.18.RELEASE/spring-web-5.1.18.RELEASE-sources.jar
2020-10-05 18:38:51,179 [Worker-40: Download sources and javadoc] INFO  o.e.m.c.i.e.AbstractTransferListenerAdapter - Downloaded https://repo.maven.apache.org/maven2/org/springframework/spring-web/5.1.18.RELEASE/spring-web-5.1.18.RELEASE-sources.jar
2020-10-05 18:38:51,288 [Worker-40: Download sources and javadoc] INFO  o.e.m.j.internal.DownloadSourcesJob - Downloaded sources for org.springframework:spring-web:5.1.18.RELEASE
2020-10-05 18:38:52,560 [Worker-40: Download sources and javadoc] INFO  o.e.m.c.i.e.AbstractTransferListenerAdapter - Downloading https://repo.maven.apache.org/maven2/org/springframework/spring-beans/5.1.18.RELEASE/spring-beans-5.1.18.RELEASE-sources.jar
2020-10-05 18:38:57,797 [Worker-40: Download sources and javadoc] INFO  o.e.m.c.i.e.AbstractTransferListenerAdapter - Downloaded https://repo.maven.apache.org/maven2/org/springframework/spring-beans/5.1.18.RELEASE/spring-beans-5.1.18.RELEASE-sources.jar
2020-10-05 18:38:57,908 [Worker-40: Download sources and javadoc] INFO  o.e.m.j.internal.DownloadSourcesJob - Downloaded sources for org.springframework:spring-beans:5.1.18.RELEASE
2020-10-05 18:38:59,176 [Worker-40: Download sources and javadoc] INFO  o.e.m.c.i.e.AbstractTransferListenerAdapter - Downloading https://repo.maven.apache.org/maven2/org/springframework/spring-webmvc/5.1.18.RELEASE/spring-webmvc-5.1.18.RELEASE-sources.jar
2020-10-05 18:39:02,874 [Worker-40: Download sources and javadoc] INFO  o.e.m.c.i.e.AbstractTransferListenerAdapter - Downloaded https://repo.maven.apache.org/maven2/org/springframework/spring-webmvc/5.1.18.RELEASE/spring-webmvc-5.1.18.RELEASE-sources.jar
2020-10-05 18:39:02,911 [Worker-40: Download sources and javadoc] INFO  o.e.m.j.internal.DownloadSourcesJob - Downloaded sources for org.springframework:spring-webmvc:5.1.18.RELEASE
2020-10-05 18:39:04,051 [Worker-40: Download sources and javadoc] INFO  o.e.m.c.i.e.AbstractTransferListenerAdapter - Downloading https://repo.maven.apache.org/maven2/org/springframework/spring-aop/5.1.18.RELEASE/spring-aop-5.1.18.RELEASE-sources.jar
2020-10-05 18:39:06,903 [Worker-40: Download sources and javadoc] INFO  o.e.m.c.i.e.AbstractTransferListenerAdapter - Downloaded https://repo.maven.apache.org/maven2/org/springframework/spring-aop/5.1.18.RELEASE/spring-aop-5.1.18.RELEASE-sources.jar
2020-10-05 18:39:07,482 [Worker-40: Download sources and javadoc] INFO  o.e.m.j.internal.DownloadSourcesJob - Downloaded sources for org.springframework:spring-aop:5.1.18.RELEASE
2020-10-05 18:39:08,635 [Worker-40: Download sources and javadoc] INFO  o.e.m.c.i.e.AbstractTransferListenerAdapter - Downloading https://repo.maven.apache.org/maven2/org/springframework/spring-context/5.1.18.RELEASE/spring-context-5.1.18.RELEASE-sources.jar
2020-10-05 18:39:15,798 [Worker-40: Download sources and javadoc] INFO  o.e.m.c.i.e.AbstractTransferListenerAdapter - Downloaded https://repo.maven.apache.org/maven2/org/springframework/spring-context/5.1.18.RELEASE/spring-context-5.1.18.RELEASE-sources.jar
2020-10-05 18:39:15,915 [Worker-40: Download sources and javadoc] INFO  o.e.m.j.internal.DownloadSourcesJob - Downloaded sources for org.springframework:spring-context:5.1.18.RELEASE
2020-10-05 18:39:17,174 [Worker-40: Download sources and javadoc] INFO  o.e.m.c.i.e.AbstractTransferListenerAdapter - Downloading https://repo.maven.apache.org/maven2/org/springframework/spring-expression/5.1.18.RELEASE/spring-expression-5.1.18.RELEASE-sources.jar
2020-10-05 18:39:19,132 [Worker-40: Download sources and javadoc] INFO  o.e.m.c.i.e.AbstractTransferListenerAdapter - Downloaded https://repo.maven.apache.org/maven2/org/springframework/spring-expression/5.1.18.RELEASE/spring-expression-5.1.18.RELEASE-sources.jar
2020-10-05 18:39:19,748 [Worker-40: Download sources and javadoc] INFO  o.e.m.j.internal.DownloadSourcesJob - Downloaded sources for org.springframework:spring-expression:5.1.18.RELEASE
2020-10-05 18:39:20,887 [Worker-40: Download sources and javadoc] INFO  o.e.m.c.i.e.AbstractTransferListenerAdapter - Downloading https://repo.maven.apache.org/maven2/org/springframework/boot/spring-boot-starter-test/2.1.17.RELEASE/spring-boot-starter-test-2.1.17.RELEASE-sources.jar
2020-10-05 18:39:21,197 [Worker-40: Download sources and javadoc] INFO  o.e.m.c.i.e.AbstractTransferListenerAdapter - Downloaded https://repo.maven.apache.org/maven2/org/springframework/boot/spring-boot-starter-test/2.1.17.RELEASE/spring-boot-starter-test-2.1.17.RELEASE-sources.jar
2020-10-05 18:39:21,328 [Worker-40: Download sources and javadoc] INFO  o.e.m.j.internal.DownloadSourcesJob - Downloaded sources for org.springframework.boot:spring-boot-starter-test:2.1.17.RELEASE
2020-10-05 18:39:22,446 [Worker-40: Download sources and javadoc] INFO  o.e.m.c.i.e.AbstractTransferListenerAdapter - Downloading https://repo.maven.apache.org/maven2/org/springframework/boot/spring-boot-test/2.1.17.RELEASE/spring-boot-test-2.1.17.RELEASE-sources.jar
2020-10-05 18:39:23,960 [Worker-40: Download sources and javadoc] INFO  o.e.m.c.i.e.AbstractTransferListenerAdapter - Downloaded https://repo.maven.apache.org/maven2/org/springframework/boot/spring-boot-test/2.1.17.RELEASE/spring-boot-test-2.1.17.RELEASE-sources.jar
2020-10-05 18:39:24,051 [Worker-40: Download sources and javadoc] INFO  o.e.m.j.internal.DownloadSourcesJob - Downloaded sources for org.springframework.boot:spring-boot-test:2.1.17.RELEASE
2020-10-05 18:39:25,180 [Worker-40: Download sources and javadoc] INFO  o.e.m.c.i.e.AbstractTransferListenerAdapter - Downloading https://repo.maven.apache.org/maven2/org/springframework/boot/spring-boot-test-autoconfigure/2.1.17.RELEASE/spring-boot-test-autoconfigure-2.1.17.RELEASE-sources.jar
2020-10-05 18:39:26,710 [Worker-40: Download sources and javadoc] INFO  o.e.m.c.i.e.AbstractTransferListenerAdapter - Downloaded https://repo.maven.apache.org/maven2/org/springframework/boot/spring-boot-test-autoconfigure/2.1.17.RELEASE/spring-boot-test-autoconfigure-2.1.17.RELEASE-sources.jar
2020-10-05 18:39:26,998 [Worker-40: Download sources and javadoc] INFO  o.e.m.j.internal.DownloadSourcesJob - Downloaded sources for org.springframework.boot:spring-boot-test-autoconfigure:2.1.17.RELEASE
2020-10-05 18:39:28,149 [Worker-40: Download sources and javadoc] INFO  o.e.m.c.i.e.AbstractTransferListenerAdapter - Downloading https://repo.maven.apache.org/maven2/org/springframework/spring-core/5.1.18.RELEASE/spring-core-5.1.18.RELEASE-sources.jar
2020-10-05 18:39:35,525 [Worker-40: Download sources and javadoc] INFO  o.e.m.c.i.e.AbstractTransferListenerAdapter - Downloaded https://repo.maven.apache.org/maven2/org/springframework/spring-core/5.1.18.RELEASE/spring-core-5.1.18.RELEASE-sources.jar
2020-10-05 18:39:35,626 [Worker-40: Download sources and javadoc] INFO  o.e.m.j.internal.DownloadSourcesJob - Downloaded sources for org.springframework:spring-core:5.1.18.RELEASE
2020-10-05 18:39:36,897 [Worker-40: Download sources and javadoc] INFO  o.e.m.c.i.e.AbstractTransferListenerAdapter - Downloading https://repo.maven.apache.org/maven2/org/springframework/spring-jcl/5.1.18.RELEASE/spring-jcl-5.1.18.RELEASE-sources.jar
2020-10-05 18:39:37,543 [Worker-40: Download sources and javadoc] INFO  o.e.m.c.i.e.AbstractTransferListenerAdapter - Downloaded https://repo.maven.apache.org/maven2/org/springframework/spring-jcl/5.1.18.RELEASE/spring-jcl-5.1.18.RELEASE-sources.jar
2020-10-05 18:39:37,576 [Worker-40: Download sources and javadoc] INFO  o.e.m.j.internal.DownloadSourcesJob - Downloaded sources for org.springframework:spring-jcl:5.1.18.RELEASE
2020-10-05 18:39:38,666 [Worker-40: Download sources and javadoc] INFO  o.e.m.c.i.e.AbstractTransferListenerAdapter - Downloading https://repo.maven.apache.org/maven2/org/springframework/spring-test/5.1.18.RELEASE/spring-test-5.1.18.RELEASE-sources.jar
2020-10-05 18:39:43,885 [Worker-40: Download sources and javadoc] INFO  o.e.m.c.i.e.AbstractTransferListenerAdapter - Downloaded https://repo.maven.apache.org/maven2/org/springframework/spring-test/5.1.18.RELEASE/spring-test-5.1.18.RELEASE-sources.jar
2020-10-05 18:39:44,144 [Worker-40: Download sources and javadoc] INFO  o.e.m.j.internal.DownloadSourcesJob - Downloaded sources for org.springframework:spring-test:5.1.18.RELEASE
2020-10-05 18:39:44,149 [Worker-40: Download sources and javadoc] INFO  o.e.m.j.internal.DownloadSourcesJob - Downloaded sources for org.springframework.boot:spring-boot-starter-web:2.1.17.RELEASE
2020-10-05 18:39:44,153 [Worker-40: Download sources and javadoc] INFO  o.e.m.j.internal.DownloadSourcesJob - Downloaded sources for org.springframework.boot:spring-boot-starter:2.1.17.RELEASE
2020-10-05 18:39:44,159 [Worker-40: Download sources and javadoc] INFO  o.e.m.j.internal.DownloadSourcesJob - Downloaded sources for org.springframework.boot:spring-boot:2.1.17.RELEASE
2020-10-05 18:39:44,163 [Worker-40: Download sources and javadoc] INFO  o.e.m.j.internal.DownloadSourcesJob - Downloaded sources for org.springframework.boot:spring-boot-autoconfigure:2.1.17.RELEASE
2020-10-05 18:39:44,167 [Worker-40: Download sources and javadoc] INFO  o.e.m.j.internal.DownloadSourcesJob - Downloaded sources for org.springframework.boot:spring-boot-starter-logging:2.1.17.RELEASE
2020-10-05 18:39:44,172 [Worker-40: Download sources and javadoc] INFO  o.e.m.j.internal.DownloadSourcesJob - Downloaded sources for org.springframework.boot:spring-boot-starter-json:2.1.17.RELEASE
2020-10-05 18:39:44,177 [Worker-40: Download sources and javadoc] INFO  o.e.m.j.internal.DownloadSourcesJob - Downloaded sources for com.fasterxml.jackson.core:jackson-databind:2.9.10.6
2020-10-05 18:39:44,181 [Worker-40: Download sources and javadoc] INFO  o.e.m.j.internal.DownloadSourcesJob - Downloaded sources for org.springframework.boot:spring-boot-starter-tomcat:2.1.17.RELEASE
2020-10-05 18:39:44,187 [Worker-40: Download sources and javadoc] INFO  o.e.m.j.internal.DownloadSourcesJob - Downloaded sources for org.apache.tomcat.embed:tomcat-embed-core:9.0.38
2020-10-05 18:39:44,192 [Worker-40: Download sources and javadoc] INFO  o.e.m.j.internal.DownloadSourcesJob - Downloaded sources for org.apache.tomcat.embed:tomcat-embed-el:9.0.38
2020-10-05 18:39:44,199 [Worker-40: Download sources and javadoc] INFO  o.e.m.j.internal.DownloadSourcesJob - Downloaded sources for org.apache.tomcat.embed:tomcat-embed-websocket:9.0.38
2020-10-05 18:39:44,205 [Worker-40: Download sources and javadoc] INFO  o.e.m.j.internal.DownloadSourcesJob - Downloaded sources for org.hibernate.validator:hibernate-validator:6.0.20.Final
2020-10-05 18:39:44,210 [Worker-40: Download sources and javadoc] INFO  o.e.m.j.internal.DownloadSourcesJob - Downloaded sources for org.springframework:spring-web:5.1.18.RELEASE
2020-10-05 18:39:44,215 [Worker-40: Download sources and javadoc] INFO  o.e.m.j.internal.DownloadSourcesJob - Downloaded sources for org.springframework:spring-beans:5.1.18.RELEASE
2020-10-05 18:39:44,219 [Worker-40: Download sources and javadoc] INFO  o.e.m.j.internal.DownloadSourcesJob - Downloaded sources for org.springframework:spring-webmvc:5.1.18.RELEASE
2020-10-05 18:39:44,223 [Worker-40: Download sources and javadoc] INFO  o.e.m.j.internal.DownloadSourcesJob - Downloaded sources for org.springframework:spring-aop:5.1.18.RELEASE
2020-10-05 18:39:44,228 [Worker-40: Download sources and javadoc] INFO  o.e.m.j.internal.DownloadSourcesJob - Downloaded sources for org.springframework:spring-context:5.1.18.RELEASE
2020-10-05 18:39:44,232 [Worker-40: Download sources and javadoc] INFO  o.e.m.j.internal.DownloadSourcesJob - Downloaded sources for org.springframework:spring-expression:5.1.18.RELEASE
2020-10-05 18:39:44,236 [Worker-40: Download sources and javadoc] INFO  o.e.m.j.internal.DownloadSourcesJob - Downloaded sources for org.springframework.boot:spring-boot-starter-test:2.1.17.RELEASE
2020-10-05 18:39:44,240 [Worker-40: Download sources and javadoc] INFO  o.e.m.j.internal.DownloadSourcesJob - Downloaded sources for org.springframework.boot:spring-boot-test:2.1.17.RELEASE
2020-10-05 18:39:44,244 [Worker-40: Download sources and javadoc] INFO  o.e.m.j.internal.DownloadSourcesJob - Downloaded sources for org.springframework.boot:spring-boot-test-autoconfigure:2.1.17.RELEASE
2020-10-05 18:39:44,248 [Worker-40: Download sources and javadoc] INFO  o.e.m.j.internal.DownloadSourcesJob - Downloaded sources for org.springframework:spring-core:5.1.18.RELEASE
2020-10-05 18:39:44,252 [Worker-40: Download sources and javadoc] INFO  o.e.m.j.internal.DownloadSourcesJob - Downloaded sources for org.springframework:spring-jcl:5.1.18.RELEASE
2020-10-05 18:39:44,256 [Worker-40: Download sources and javadoc] INFO  o.e.m.j.internal.DownloadSourcesJob - Downloaded sources for org.springframework:spring-test:5.1.18.RELEASE
2020-10-05 18:39:44,260 [Worker-40: Download sources and javadoc] INFO  o.e.m.j.internal.DownloadSourcesJob - Downloaded sources for org.springframework.boot:spring-boot-starter:2.1.17.RELEASE
2020-10-05 18:39:44,264 [Worker-40: Download sources and javadoc] INFO  o.e.m.j.internal.DownloadSourcesJob - Downloaded sources for org.springframework.boot:spring-boot:2.1.17.RELEASE
2020-10-05 18:39:44,268 [Worker-40: Download sources and javadoc] INFO  o.e.m.j.internal.DownloadSourcesJob - Downloaded sources for org.springframework.boot:spring-boot-autoconfigure:2.1.17.RELEASE
2020-10-05 18:39:44,273 [Worker-40: Download sources and javadoc] INFO  o.e.m.j.internal.DownloadSourcesJob - Downloaded sources for org.springframework.boot:spring-boot-starter-logging:2.1.17.RELEASE
2020-10-05 18:39:44,277 [Worker-40: Download sources and javadoc] INFO  o.e.m.j.internal.DownloadSourcesJob - Downloaded sources for org.springframework.boot:spring-boot-starter-json:2.1.17.RELEASE
2020-10-05 18:39:44,282 [Worker-40: Download sources and javadoc] INFO  o.e.m.j.internal.DownloadSourcesJob - Downloaded sources for com.fasterxml.jackson.core:jackson-databind:2.9.10.6
2020-10-05 18:39:44,287 [Worker-40: Download sources and javadoc] INFO  o.e.m.j.internal.DownloadSourcesJob - Downloaded sources for org.springframework.boot:spring-boot-starter-tomcat:2.1.17.RELEASE
2020-10-05 18:39:44,291 [Worker-40: Download sources and javadoc] INFO  o.e.m.j.internal.DownloadSourcesJob - Downloaded sources for org.apache.tomcat.embed:tomcat-embed-core:9.0.38
2020-10-05 18:39:44,295 [Worker-40: Download sources and javadoc] INFO  o.e.m.j.internal.DownloadSourcesJob - Downloaded sources for org.apache.tomcat.embed:tomcat-embed-el:9.0.38
2020-10-05 18:39:44,299 [Worker-40: Download sources and javadoc] INFO  o.e.m.j.internal.DownloadSourcesJob - Downloaded sources for org.apache.tomcat.embed:tomcat-embed-websocket:9.0.38
2020-10-05 18:39:44,303 [Worker-40: Download sources and javadoc] INFO  o.e.m.j.internal.DownloadSourcesJob - Downloaded sources for org.hibernate.validator:hibernate-validator:6.0.20.Final
2020-10-05 18:39:44,307 [Worker-40: Download sources and javadoc] INFO  o.e.m.j.internal.DownloadSourcesJob - Downloaded sources for org.springframework:spring-web:5.1.18.RELEASE
2020-10-05 18:39:44,311 [Worker-40: Download sources and javadoc] INFO  o.e.m.j.internal.DownloadSourcesJob - Downloaded sources for org.springframework:spring-beans:5.1.18.RELEASE
2020-10-05 18:39:44,314 [Worker-40: Download sources and javadoc] INFO  o.e.m.j.internal.DownloadSourcesJob - Downloaded sources for org.springframework:spring-webmvc:5.1.18.RELEASE
2020-10-05 18:39:44,317 [Worker-40: Download sources and javadoc] INFO  o.e.m.j.internal.DownloadSourcesJob - Downloaded sources for org.springframework:spring-aop:5.1.18.RELEASE
2020-10-05 18:39:44,322 [Worker-40: Download sources and javadoc] INFO  o.e.m.j.internal.DownloadSourcesJob - Downloaded sources for org.springframework:spring-context:5.1.18.RELEASE
2020-10-05 18:39:44,325 [Worker-40: Download sources and javadoc] INFO  o.e.m.j.internal.DownloadSourcesJob - Downloaded sources for org.springframework:spring-expression:5.1.18.RELEASE
2020-10-05 18:39:44,328 [Worker-40: Download sources and javadoc] INFO  o.e.m.j.internal.DownloadSourcesJob - Downloaded sources for org.springframework.boot:spring-boot-starter-test:2.1.17.RELEASE
2020-10-05 18:39:44,331 [Worker-40: Download sources and javadoc] INFO  o.e.m.j.internal.DownloadSourcesJob - Downloaded sources for org.springframework.boot:spring-boot-test:2.1.17.RELEASE
2020-10-05 18:39:44,334 [Worker-40: Download sources and javadoc] INFO  o.e.m.j.internal.DownloadSourcesJob - Downloaded sources for org.springframework.boot:spring-boot-test-autoconfigure:2.1.17.RELEASE
2020-10-05 18:39:44,339 [Worker-40: Download sources and javadoc] INFO  o.e.m.j.internal.DownloadSourcesJob - Downloaded sources for org.springframework:spring-core:5.1.18.RELEASE
2020-10-05 18:39:44,342 [Worker-40: Download sources and javadoc] INFO  o.e.m.j.internal.DownloadSourcesJob - Downloaded sources for org.springframework:spring-jcl:5.1.18.RELEASE
2020-10-05 18:39:44,346 [Worker-40: Download sources and javadoc] INFO  o.e.m.j.internal.DownloadSourcesJob - Downloaded sources for org.springframework:spring-test:5.1.18.RELEASE
2020-10-05 18:39:44,349 [Worker-40: Download sources and javadoc] INFO  o.e.m.j.internal.DownloadSourcesJob - Downloaded sources for org.springframework.boot:spring-boot-starter:2.1.17.RELEASE
2020-10-05 18:39:44,353 [Worker-40: Download sources and javadoc] INFO  o.e.m.j.internal.DownloadSourcesJob - Downloaded sources for org.springframework.boot:spring-boot:2.1.17.RELEASE
2020-10-05 18:39:44,358 [Worker-40: Download sources and javadoc] INFO  o.e.m.j.internal.DownloadSourcesJob - Downloaded sources for org.springframework.boot:spring-boot-autoconfigure:2.1.17.RELEASE
2020-10-05 18:39:44,362 [Worker-40: Download sources and javadoc] INFO  o.e.m.j.internal.DownloadSourcesJob - Downloaded sources for org.springframework.boot:spring-boot-starter-logging:2.1.17.RELEASE
2020-10-05 18:39:44,366 [Worker-40: Download sources and javadoc] INFO  o.e.m.j.internal.DownloadSourcesJob - Downloaded sources for org.springframework.boot:spring-boot-starter-json:2.1.17.RELEASE
2020-10-05 18:39:44,370 [Worker-40: Download sources and javadoc] INFO  o.e.m.j.internal.DownloadSourcesJob - Downloaded sources for com.fasterxml.jackson.core:jackson-databind:2.9.10.6
2020-10-05 18:39:44,376 [Worker-40: Download sources and javadoc] INFO  o.e.m.j.internal.DownloadSourcesJob - Downloaded sources for org.springframework.boot:spring-boot-starter-tomcat:2.1.17.RELEASE
2020-10-05 18:39:44,380 [Worker-40: Download sources and javadoc] INFO  o.e.m.j.internal.DownloadSourcesJob - Downloaded sources for org.apache.tomcat.embed:tomcat-embed-core:9.0.38
2020-10-05 18:39:44,384 [Worker-40: Download sources and javadoc] INFO  o.e.m.j.internal.DownloadSourcesJob - Downloaded sources for org.apache.tomcat.embed:tomcat-embed-el:9.0.38
2020-10-05 18:39:44,387 [Worker-40: Download sources and javadoc] INFO  o.e.m.j.internal.DownloadSourcesJob - Downloaded sources for org.apache.tomcat.embed:tomcat-embed-websocket:9.0.38
2020-10-05 18:39:44,391 [Worker-40: Download sources and javadoc] INFO  o.e.m.j.internal.DownloadSourcesJob - Downloaded sources for org.hibernate.validator:hibernate-validator:6.0.20.Final
2020-10-05 18:39:44,394 [Worker-40: Download sources and javadoc] INFO  o.e.m.j.internal.DownloadSourcesJob - Downloaded sources for org.springframework:spring-web:5.1.18.RELEASE
2020-10-05 18:39:44,397 [Worker-40: Download sources and javadoc] INFO  o.e.m.j.internal.DownloadSourcesJob - Downloaded sources for org.springframework:spring-beans:5.1.18.RELEASE
2020-10-05 18:39:44,400 [Worker-40: Download sources and javadoc] INFO  o.e.m.j.internal.DownloadSourcesJob - Downloaded sources for org.springframework:spring-webmvc:5.1.18.RELEASE
2020-10-05 18:39:44,403 [Worker-40: Download sources and javadoc] INFO  o.e.m.j.internal.DownloadSourcesJob - Downloaded sources for org.springframework:spring-aop:5.1.18.RELEASE
2020-10-05 18:39:44,406 [Worker-40: Download sources and javadoc] INFO  o.e.m.j.internal.DownloadSourcesJob - Downloaded sources for org.springframework:spring-context:5.1.18.RELEASE
2020-10-05 18:39:44,409 [Worker-40: Download sources and javadoc] INFO  o.e.m.j.internal.DownloadSourcesJob - Downloaded sources for org.springframework:spring-expression:5.1.18.RELEASE
2020-10-05 18:39:44,412 [Worker-40: Download sources and javadoc] INFO  o.e.m.j.internal.DownloadSourcesJob - Downloaded sources for org.springframework.boot:spring-boot-starter-test:2.1.17.RELEASE
2020-10-05 18:39:44,415 [Worker-40: Download sources and javadoc] INFO  o.e.m.j.internal.DownloadSourcesJob - Downloaded sources for org.springframework.boot:spring-boot-test:2.1.17.RELEASE
2020-10-05 18:39:44,418 [Worker-40: Download sources and javadoc] INFO  o.e.m.j.internal.DownloadSourcesJob - Downloaded sources for org.springframework.boot:spring-boot-test-autoconfigure:2.1.17.RELEASE
2020-10-05 18:39:44,421 [Worker-40: Download sources and javadoc] INFO  o.e.m.j.internal.DownloadSourcesJob - Downloaded sources for org.springframework:spring-core:5.1.18.RELEASE
2020-10-05 18:39:44,424 [Worker-40: Download sources and javadoc] INFO  o.e.m.j.internal.DownloadSourcesJob - Downloaded sources for org.springframework:spring-jcl:5.1.18.RELEASE
2020-10-05 18:39:44,427 [Worker-40: Download sources and javadoc] INFO  o.e.m.j.internal.DownloadSourcesJob - Downloaded sources for org.springframework:spring-test:5.1.18.RELEASE
2020-10-05 18:39:44,998 [Worker-35: Building] INFO  o.e.m.c.i.embedder.EclipseLogger - Using 'UTF-8' encoding to copy filtered resources.
2020-10-05 18:39:45,002 [Worker-35: Building] INFO  o.e.m.c.i.embedder.EclipseLogger - Copying 1 resource
2020-10-05 18:39:45,004 [Worker-35: Building] INFO  o.e.m.c.i.embedder.EclipseLogger - Copying 0 resource
2020-10-05 18:39:45,006 [Worker-35: Building] INFO  o.e.m.c.i.embedder.EclipseLogger - Using 'UTF-8' encoding to copy filtered resources.
2020-10-05 18:39:45,007 [Worker-35: Building] INFO  o.e.m.c.i.embedder.EclipseLogger - skip non existing resourceDirectory F:\JAVA\Eclipse workspaces\Microservices\JavaBrains\Microservices\movie-catalog-service\src\test\resources
